2024-05-06 07:47:31 [INFO] Starting minecraft server version 1.2.5
2024-05-06 07:47:31 [INFO] Attempting early MinecraftForge initialization
2024-05-06 07:47:31 [INFO] Completed early MinecraftForge initialization
2024-05-06 07:47:31 [INFO] Forge Mod Loader version 2.2.91.173 for Minecraft 1.2.5 loading
2024-05-06 07:47:31 [FINE] No mod directory found, creating one: /etc/nixos/mods
2024-05-06 07:47:31 [FINE] No config directory found, creating one: /etc/nixos/config
2024-05-06 07:47:31 [FINE] Attempting to load mods contained in the minecraft jar file and associated classes
2024-05-06 07:47:31 [SEVERE] Unable to process our input to locate the minecraft code
2024-05-06 07:47:31 [SEVERE] cpw.mods.fml.common.LoaderException

2024-05-06 07:47:31 [SEVERE] 	at cpw.mods.fml.common.ModClassLoader.getParentSources(ModClassLoader.java:77)

2024-05-06 07:47:31 [SEVERE] 	at cpw.mods.fml.common.Loader.load(Loader.java:374)

2024-05-06 07:47:31 [SEVERE] 	at cpw.mods.fml.common.Loader.loadMods(Loader.java:606)

2024-05-06 07:47:31 [SEVERE] 	at cpw.mods.fml.server.FMLBukkitHandler.onPreLoad(FMLBukkitHandler.java:134)

2024-05-06 07:47:31 [SEVERE] 	at net.minecraft.server.MinecraftServer.init(MinecraftServer.java:135)

2024-05-06 07:47:31 [SEVERE] 	at net.minecraft.server.MinecraftServer.run(MinecraftServer.java:438)

2024-05-06 07:47:31 [SEVERE] 	at net.minecraft.server.ThreadServerApplication.run(SourceFile:492)

2024-05-06 07:47:31 [SEVERE] Unexpected exception
cpw.mods.fml.common.LoaderException
	at cpw.mods.fml.common.ModClassLoader.getParentSources(ModClassLoader.java:77)
	at cpw.mods.fml.common.Loader.load(Loader.java:374)
	at cpw.mods.fml.common.Loader.loadMods(Loader.java:606)
	at cpw.mods.fml.server.FMLBukkitHandler.onPreLoad(FMLBukkitHandler.java:134)
	at net.minecraft.server.MinecraftServer.init(MinecraftServer.java:135)
	at net.minecraft.server.MinecraftServer.run(MinecraftServer.java:438)
	at net.minecraft.server.ThreadServerApplication.run(SourceFile:492)
2024-05-06 07:47:49 [INFO] Stopping server
